<?xml version="1.0" encoding="UTF-8"?>
<!-- Generated by org.testng.reporters.JUnitXMLReporter -->
<testsuite hostname="INDHRRA" name="chromeTest" tests="3" failures="0" timestamp="18 Dec 2018 18:05:45 GMT" time="29.708" errors="0">
  <testcase name="bmw_TC1" time="4.34" classname="com.bmw.bmw_searchpage"/>
  <testcase name="bmw_TC2" time="10.358" classname="com.bmw.bmw_searchpage"/>
  <testcase name="bmw_TC3" time="7.63" classname="com.bmw.bmw_HomePage"/>
</testsuite> <!-- chromeTest -->
