<?xml version="1.0" encoding="UTF-8"?>
<testng-results skipped="0" failed="0" ignored="0" total="2" passed="2">
  <reporter-output>
  </reporter-output>
  <suite name="Default suite" duration-ms="10834" started-at="2018-10-13T19:36:30Z" finished-at="2018-10-13T19:36:41Z">
    <groups>
    </groups>
    <test name="Default test" duration-ms="10834" started-at="2018-10-13T19:36:30Z" finished-at="2018-10-13T19:36:41Z">
      <class name="com.LexusCars.Lexus_Search">
        <test-method status="PASS" signature="LaunchBrowser(java.lang.String)[pri:0, instance:com.LexusCars.Lexus_Search@146ba0ac]" name="LaunchBrowser" is-config="true" duration-ms="10499" started-at="2018-10-13T19:36:30Z" finished-at="2018-10-13T19:36:40Z">
          <params>
            <param index="0">
              <value>
                <![CDATA[firefox]]>
              </value>
            </param>
          </params>
          <reporter-output>
          </reporter-output>
        </test-method> <!-- LaunchBrowser -->
        <test-method status="PASS" signature="LX_001()[pri:0, instance:com.LexusCars.Lexus_Search@146ba0ac]" name="LX_001" duration-ms="181" started-at="2018-10-13T19:36:40Z" finished-at="2018-10-13T19:36:40Z">
          <reporter-output>
          </reporter-output>
        </test-method> <!-- LX_001 -->
        <test-method status="PASS" signature="LX_002()[pri:0, instance:com.LexusCars.Lexus_Search@146ba0ac]" name="LX_002" duration-ms="115" started-at="2018-10-13T19:36:40Z" finished-at="2018-10-13T19:36:41Z">
          <reporter-output>
          </reporter-output>
        </test-method> <!-- LX_002 -->
      </class> <!-- com.LexusCars.Lexus_Search -->
    </test> <!-- Default test -->
  </suite> <!-- Default suite -->
</testng-results>
