<?xml version="1.0" encoding="UTF-8"?>
<testng-results skipped="0" failed="0" ignored="0" total="3" passed="3">
  <reporter-output>
  </reporter-output>
  <suite name="Suite" duration-ms="66228" started-at="2019-01-03T19:11:00Z" finished-at="2019-01-03T19:12:07Z">
    <groups>
    </groups>
    <test name="chromeTest" duration-ms="66228" started-at="2019-01-03T19:11:00Z" finished-at="2019-01-03T19:12:07Z">
      <class name="com.LexusCars.Lexus_Link">
        <test-method status="PASS" signature="LX_003()[pri:0, instance:com.LexusCars.Lexus_Link@335eadca]" name="LX_003" duration-ms="36543" started-at="2019-01-03T19:11:30Z" finished-at="2019-01-03T19:12:07Z">
          <reporter-output>
          </reporter-output>
        </test-method> <!-- LX_003 -->
      </class> <!-- com.LexusCars.Lexus_Link -->
      <class name="com.LexusCars.Lexus_Search">
        <test-method status="PASS" signature="LaunchBrowser(java.lang.String)[pri:0, instance:com.LexusCars.Lexus_Search@67784306]" name="LaunchBrowser" is-config="true" duration-ms="19497" started-at="2019-01-03T19:11:00Z" finished-at="2019-01-03T19:11:20Z">
          <params>
            <param index="0">
              <value>
                <![CDATA[chrome]]>
              </value>
            </param>
          </params>
          <reporter-output>
          </reporter-output>
        </test-method> <!-- LaunchBrowser -->
        <test-method status="PASS" signature="LX_001()[pri:0, instance:com.LexusCars.Lexus_Search@67784306]" name="LX_001" duration-ms="789" started-at="2019-01-03T19:11:20Z" finished-at="2019-01-03T19:11:21Z">
          <reporter-output>
          </reporter-output>
        </test-method> <!-- LX_001 -->
        <test-method status="PASS" signature="LX_002()[pri:0, instance:com.LexusCars.Lexus_Search@67784306]" name="LX_002" duration-ms="9381" started-at="2019-01-03T19:11:21Z" finished-at="2019-01-03T19:11:30Z">
          <reporter-output>
          </reporter-output>
        </test-method> <!-- LX_002 -->
      </class> <!-- com.LexusCars.Lexus_Search -->
    </test> <!-- chromeTest -->
  </suite> <!-- Suite -->
</testng-results>
