<?xml version="1.0" encoding="UTF-8"?>
<testng-results skipped="0" failed="0" ignored="0" total="2" passed="2">
  <reporter-output>
  </reporter-output>
  <suite name="Default suite" duration-ms="10186" started-at="2018-12-22T20:31:06Z" finished-at="2018-12-22T20:31:16Z">
    <groups>
    </groups>
    <test name="Default test" duration-ms="10186" started-at="2018-12-22T20:31:06Z" finished-at="2018-12-22T20:31:16Z">
      <class name="TestNG.MouseEvents">
        <test-method status="PASS" signature="setup()[pri:0, instance:TestNG.MouseEvents@59f99ea]" name="setup" is-config="true" duration-ms="9550" started-at="2018-12-22T20:31:06Z" finished-at="2018-12-22T20:31:15Z">
          <reporter-output>
          </reporter-output>
        </test-method> <!-- setup -->
        <test-method status="PASS" signature="KeyBoard()[pri:0, instance:TestNG.MouseEvents@59f99ea]" name="KeyBoard" duration-ms="560" started-at="2018-12-22T20:31:15Z" finished-at="2018-12-22T20:31:16Z">
          <reporter-output>
          </reporter-output>
        </test-method> <!-- KeyBoard -->
        <test-method status="PASS" signature="mouseOver()[pri:0, instance:TestNG.MouseEvents@59f99ea]" name="mouseOver" duration-ms="48" started-at="2018-12-22T20:31:16Z" finished-at="2018-12-22T20:31:16Z">
          <reporter-output>
          </reporter-output>
        </test-method> <!-- mouseOver -->
      </class> <!-- TestNG.MouseEvents -->
    </test> <!-- Default test -->
  </suite> <!-- Default suite -->
</testng-results>
