<?xml version="1.0" encoding="UTF-8"?>
<testng-results skipped="0" failed="0" ignored="0" total="1" passed="1">
  <reporter-output>
  </reporter-output>
  <suite name="Default suite" duration-ms="77" started-at="2018-10-10T18:00:47Z" finished-at="2018-10-10T18:00:47Z">
    <groups>
    </groups>
    <test name="Default test" duration-ms="77" started-at="2018-10-10T18:00:47Z" finished-at="2018-10-10T18:00:47Z">
      <class name="Jenkins_Job">
        <test-method status="PASS" signature="JenkinsTest()[pri:0, instance:Jenkins_Job@50c87b21]" name="JenkinsTest" duration-ms="29" started-at="2018-10-10T18:00:47Z" finished-at="2018-10-10T18:00:47Z">
          <reporter-output>
          </reporter-output>
        </test-method> <!-- JenkinsTest -->
      </class> <!-- Jenkins_Job -->
    </test> <!-- Default test -->
  </suite> <!-- Default suite -->
</testng-results>
