<?xml version="1.0" encoding="UTF-8"?>
<!-- Generated by org.testng.reporters.JUnitXMLReporter -->
<testsuite ignored="0" hostname="INDHRRA" failures="3" tests="3" name="Test" time="29.8" errors="0" timestamp="12 Aug 2018 21:42:41 GMT">
  <testcase classname="com.LexusCars.Lexus_Search" name="LX_001" time="8.913">
    <failure type="java.lang.AssertionError" message="expected [Hello] but found [hi]">
      <![CDATA[java.lang.AssertionError: expected [Hello] but found [hi]
at com.LexusCars.Lexus_Search.LX_001(Lexus_Search.java:28)
at java.base/java.util.concurrent.FutureTask.run(FutureTask.java:264)
at java.base/java.util.concurrent.ThreadPoolExecutor.runWorker(ThreadPoolExecutor.java:1135)
at java.base/java.util.concurrent.ThreadPoolExecutor$Worker.run(ThreadPoolExecutor.java:635)
at java.base/java.lang.Thread.run(Thread.java:844)
... Removed 22 stack frames]]>
    </failure>
  </testcase> <!-- LX_001 -->
  <testcase classname="com.LexusCars.Lexus_Search" name="LX_002" time="6.75">
    <failure type="java.lang.AssertionError" message="expected [Hello] but found [hi]">
      <![CDATA[java.lang.AssertionError: expected [Hello] but found [hi]
at com.LexusCars.Lexus_Search.LX_002(Lexus_Search.java:44)
at java.base/java.util.concurrent.FutureTask.run(FutureTask.java:264)
at java.base/java.util.concurrent.ThreadPoolExecutor.runWorker(ThreadPoolExecutor.java:1135)
at java.base/java.util.concurrent.ThreadPoolExecutor$Worker.run(ThreadPoolExecutor.java:635)
at java.base/java.lang.Thread.run(Thread.java:844)
... Removed 22 stack frames]]>
    </failure>
  </testcase> <!-- LX_002 -->
  <testcase classname="com.LexusCars.Lexus_Link" name="LX_003" time="3.239">
    <failure type="java.lang.AssertionError" message="expected [Hello] but found [hi]">
      <![CDATA[java.lang.AssertionError: expected [Hello] but found [hi]
at com.LexusCars.Lexus_Link.LX_003(Lexus_Link.java:15)
at java.base/java.util.concurrent.FutureTask.run(FutureTask.java:264)
at java.base/java.util.concurrent.ThreadPoolExecutor.runWorker(ThreadPoolExecutor.java:1135)
at java.base/java.util.concurrent.ThreadPoolExecutor$Worker.run(ThreadPoolExecutor.java:635)
at java.base/java.lang.Thread.run(Thread.java:844)
... Removed 22 stack frames]]>
    </failure>
  </testcase> <!-- LX_003 -->
</testsuite> <!-- Test -->
